#
# There is insufficient memory for the Java Runtime Environment to continue.
# Native memory allocation (mmap) failed to map 8388608 bytes for G1 virtual space
# Possible reasons:
#   The system is out of physical RAM or swap space
#   The process is running with CompressedOops enabled, and the Java Heap may be blocking the growth of the native heap
# Possible solutions:
#   Reduce memory load on the system
#   Increase physical memory or swap space
#   Check if swap backing store is full
#   Decrease Java heap size (-Xmx/-Xms)
#   Decrease number of Java threads
#   Decrease Java thread stack sizes (-Xss)
#   Set larger code cache with -XX:ReservedCodeCacheSize=
#   JVM is running with Unscaled Compressed Oops mode in which the Java heap is
#     placed in the first 4GB address space. The Java Heap base address is the
#     maximum limit for the native heap growth. Please use -XX:HeapBaseMinAddress
#     to set the Java Heap base and to place the Java Heap above 4GB virtual address.
# This output file may be truncated or incomplete.
#
#  Out of Memory Error (os_windows.cpp:3825), pid=23592, tid=31556
#
# JRE version: OpenJDK Runtime Environment (17.0.9) (build 17.0.9+0--11185874)
# Java VM: OpenJDK 64-Bit Server VM (17.0.9+0--11185874, mixed mode, tiered, compressed oops, compressed class ptrs, g1 gc, windows-amd64)
# No core dump will be written. Minidumps are not enabled by default on client versions of Windows
#

---------------  S U M M A R Y ------------

Command Line: org.jetbrains.kotlin.cli.jvm.K2JVMCompiler @C:\Users\angel\AndroidStudioProjects\MeuPrimeiroProjeto\app\build\20240416_12370936372759662393.compiler.options

Host: 11th Gen Intel(R) Core(TM) i3-1115G4 @ 3.00GHz, 4 cores, 3G,  Windows 11 , 64 bit Build 22621 (10.0.22621.3374)
Time: Tue Apr 16 12:41:55 2024 Horário de Verão de Greenwich  elapsed time: 14.455689 seconds (0d 0h 0m 14s)

---------------  T H R E A D  ---------------

Current thread (0x000002da4ce4f980):  VMThread "VM Thread" [stack: 0x000000fd91400000,0x000000fd91500000] [id=31556]

Stack: [0x000000fd91400000,0x000000fd91500000]
Native frames: (J=compiled Java code, j=interpreted, Vv=VM code, C=native code)
V  [jvm.dll+0x6886e9]
V  [jvm.dll+0x841e4a]
V  [jvm.dll+0x843a8e]
V  [jvm.dll+0x8440f3]
V  [jvm.dll+0x24c14f]
V  [jvm.dll+0x685499]
V  [jvm.dll+0x679c2a]
V  [jvm.dll+0x30cf9b]
V  [jvm.dll+0x314446]
V  [jvm.dll+0x36425e]
V  [jvm.dll+0x36448f]
V  [jvm.dll+0x2e2d68]
V  [jvm.dll+0x2e0f44]
V  [jvm.dll+0x2e054c]
V  [jvm.dll+0x3253fb]
V  [jvm.dll+0x8487eb]
V  [jvm.dll+0x849531]
V  [jvm.dll+0x849a4d]
V  [jvm.dll+0x849e24]
V  [jvm.dll+0x849ef0]
V  [jvm.dll+0x7f06aa]
V  [jvm.dll+0x687565]
C  [ucrtbase.dll+0x29333]
C  [KERNEL32.DLL+0x1257d]
C  [ntdll.dll+0x5aa48]

VM_Operation (0x000000fd90efc0d0): G1CollectForAllocation, mode: safepoint, requested by thread 0x000002da3627a6f0


---------------  P R O C E S S  ---------------

Threads class SMR info:
_java_thread_list=0x000002da4d2d1100, length=12, elements={
0x000002da3627a6f0, 0x000002da4ce53540, 0x000002da4ce54100, 0x000002da4cebe020,
0x000002da4cec0900, 0x000002da4cec32d0, 0x000002da4cec3c90, 0x000002da4cec4a30,
0x000002da4cecdcb0, 0x000002da4cedeab0, 0x000002da4d2cc7e0, 0x000002da4d2d4f80
}

Java Threads: ( => current thread )
  0x000002da3627a6f0 JavaThread "main" [_thread_blocked, id=29564, stack(0x000000fd90e00000,0x000000fd90f00000)]
  0x000002da4ce53540 JavaThread "Reference Handler" daemon [_thread_blocked, id=33280, stack(0x000000fd91500000,0x000000fd91600000)]
  0x000002da4ce54100 JavaThread "Finalizer" daemon [_thread_blocked, id=30192, stack(0x000000fd91600000,0x000000fd91700000)]
  0x000002da4cebe020 JavaThread "Signal Dispatcher" daemon [_thread_blocked, id=25588, stack(0x000000fd91700000,0x000000fd91800000)]
  0x000002da4cec0900 JavaThread "Attach Listener" daemon [_thread_blocked, id=29892, stack(0x000000fd91800000,0x000000fd91900000)]
  0x000002da4cec32d0 JavaThread "Service Thread" daemon [_thread_blocked, id=33564, stack(0x000000fd91900000,0x000000fd91a00000)]
  0x000002da4cec3c90 JavaThread "Monitor Deflation Thread" daemon [_thread_blocked, id=31928, stack(0x000000fd91a00000,0x000000fd91b00000)]
  0x000002da4cec4a30 JavaThread "C2 CompilerThread0" daemon [_thread_in_native, id=33704, stack(0x000000fd91b00000,0x000000fd91c00000)]
  0x000002da4cecdcb0 JavaThread "C1 CompilerThread0" daemon [_thread_blocked, id=29624, stack(0x000000fd91c00000,0x000000fd91d00000)]
  0x000002da4cedeab0 JavaThread "Sweeper thread" daemon [_thread_blocked, id=33440, stack(0x000000fd91d00000,0x000000fd91e00000)]
  0x000002da4d2cc7e0 JavaThread "Notification Thread" daemon [_thread_blocked, id=4308, stack(0x000000fd91e00000,0x000000fd91f00000)]
  0x000002da4d2d4f80 JavaThread "Common-Cleaner" daemon [_thread_blocked, id=4532, stack(0x000000fd92000000,0x000000fd92100000)]

Other Threads:
=>0x000002da4ce4f980 VMThread "VM Thread" [stack: 0x000000fd91400000,0x000000fd91500000] [id=31556]
  0x000002da4d2cccc0 WatcherThread [stack: 0x000000fd91f00000,0x000000fd92000000] [id=8572]
  0x000002da362b3350 GCTaskThread "GC Thread#0" [stack: 0x000000fd90f00000,0x000000fd91000000] [id=13940]
  0x000002da4d6878b0 GCTaskThread "GC Thread#1" [stack: 0x000000fd92100000,0x000000fd92200000] [id=10160]
  0x000002da4d6ffba0 GCTaskThread "GC Thread#2" [stack: 0x000000fd92200000,0x000000fd92300000] [id=31820]
  0x000002da4d6ffe60 GCTaskThread "GC Thread#3" [stack: 0x000000fd92300000,0x000000fd92400000] [id=3660]
  0x000002da362bb920 ConcurrentGCThread "G1 Main Marker" [stack: 0x000000fd91000000,0x000000fd91100000] [id=28432]
  0x000002da362bc340 ConcurrentGCThread "G1 Conc#0" [stack: 0x000000fd91100000,0x000000fd91200000] [id=29484]
  0x000002da362fe320 ConcurrentGCThread "G1 Refine#0" [stack: 0x000000fd91200000,0x000000fd91300000] [id=32988]
  0x000002da531ee640 ConcurrentGCThread "G1 Refine#1" [stack: 0x000000fd92400000,0x000000fd92500000] [id=15144]
  0x000002da362fed50 ConcurrentGCThread "G1 Service" [stack: 0x000000fd91300000,0x000000fd91400000] [id=32464]

Threads with active compile tasks:
C2 CompilerThread0    14557 2497       4       jdk.internal.org.objectweb.asm.Frame::execute (2305 bytes)

VM state: at safepoint (normal execution)

VM Mutex/Monitor currently owned by a thread:  ([mutex/lock_event])
[0x000002da362762e0] Threads_lock - owner thread: 0x000002da4ce4f980
[0x000002da36276640] Heap_lock - owner thread: 0x000002da3627a6f0

Heap address: 0x00000000c4c00000, size: 948 MB, Compressed Oops mode: 32-bit

CDS archive(s) not mapped
Compressed class space mapped at: 0x0000000100000000-0x0000000140000000, reserved size: 1073741824
Narrow klass base: 0x0000000000000000, Narrow klass shift: 3, Narrow klass range: 0x140000000

GC Precious Log:
 CPUs: 4 total, 4 available
 Memory: 3790M
 Large Page Support: Disabled
 NUMA Support: Disabled
 Compressed Oops: Enabled (32-bit)
 Heap Region Size: 1M
 Heap Min Capacity: 8M
 Heap Initial Capacity: 60M
 Heap Max Capacity: 948M
 Pre-touch: Disabled
 Parallel Workers: 4
 Concurrent Workers: 1
 Concurrent Refinement Workers: 4
 Periodic GC: Disabled

Heap:
 garbage-first heap   total 37888K, used 18561K [0x00000000c4c00000, 0x0000000100000000)
  region size 1024K, 1 young (1024K), 1 survivors (1024K)
 Metaspace       used 37381K, committed 37568K, reserved 1114112K
  class space    used 4690K, committed 4800K, reserved 1048576K

Heap Regions: E=young(eden), S=young(survivor), O=old, HS=humongous(starts), HC=humongous(continues), CS=collection set, F=free, OA=open archive, CA=closed archive, TAMS=top-at-mark-start (previous, next)
|   0|0x00000000c4c00000, 0x00000000c4d00000, 0x00000000c4d00000|100%|HS|  |TAMS 0x00000000c4d00000, 0x00000000c4c00000| Complete 
|   1|0x00000000c4d00000, 0x00000000c4e00000, 0x00000000c4e00000|100%|HC|  |TAMS 0x00000000c4e00000, 0x00000000c4d00000| Complete 
|   2|0x00000000c4e00000, 0x00000000c4f00000, 0x00000000c4f00000|100%|HC|  |TAMS 0x00000000c4f00000, 0x00000000c4e00000| Complete 
|   3|0x00000000c4f00000, 0x00000000c5000000, 0x00000000c5000000|100%|HC|  |TAMS 0x00000000c5000000, 0x00000000c4f00000| Complete 
|   4|0x00000000c5000000, 0x00000000c50ed600, 0x00000000c5100000| 92%| O|  |TAMS 0x00000000c50ed600, 0x00000000c5000000| Untracked 
|   5|0x00000000c5100000, 0x00000000c5200000, 0x00000000c5200000|100%| O|  |TAMS 0x00000000c5200000, 0x00000000c5100000| Untracked 
|   6|0x00000000c5200000, 0x00000000c5300000, 0x00000000c5300000|100%| O|  |TAMS 0x00000000c5300000, 0x00000000c5200000| Untracked 
|   7|0x00000000c5300000, 0x00000000c5400000, 0x00000000c5400000|100%| O|  |TAMS 0x00000000c5400000, 0x00000000c5300000| Untracked 
|   8|0x00000000c5400000, 0x00000000c5400000, 0x00000000c5500000|  0%| F|  |TAMS 0x00000000c5400000, 0x00000000c5400000| Untracked 
|   9|0x00000000c5500000, 0x00000000c5600000, 0x00000000c5600000|100%| O|  |TAMS 0x00000000c5600000, 0x00000000c5500000| Untracked 
|  10|0x00000000c5600000, 0x00000000c5700000, 0x00000000c5700000|100%| O|  |TAMS 0x00000000c5700000, 0x00000000c5600000| Untracked 
|  11|0x00000000c5700000, 0x00000000c5800000, 0x00000000c5800000|100%| O|  |TAMS 0x00000000c5800000, 0x00000000c5700000| Untracked 
|  12|0x00000000c5800000, 0x00000000c5900000, 0x00000000c5900000|100%| O|  |TAMS 0x00000000c5800000, 0x00000000c5800000| Untracked 
|  13|0x00000000c5900000, 0x00000000c5a00000, 0x00000000c5a00000|100%| O|  |TAMS 0x00000000c5900000, 0x00000000c5900000| Untracked 
|  14|0x00000000c5a00000, 0x00000000c5b00000, 0x00000000c5b00000|100%| O|  |TAMS 0x00000000c5a00000, 0x00000000c5a00000| Untracked 
|  15|0x00000000c5b00000, 0x00000000c5c00000, 0x00000000c5c00000|100%| O|  |TAMS 0x00000000c5c00000, 0x00000000c5b00000| Untracked 
|  16|0x00000000c5c00000, 0x00000000c5d00000, 0x00000000c5d00000|100%| O|  |TAMS 0x00000000c5d00000, 0x00000000c5c00000| Untracked 
|  17|0x00000000c5d00000, 0x00000000c5e00000, 0x00000000c5e00000|100%| O|  |TAMS 0x00000000c5e00000, 0x00000000c5d00000| Untracked 
|  18|0x00000000c5e00000, 0x00000000c5ee8200, 0x00000000c5f00000| 90%| O|  |TAMS 0x00000000c5e00000, 0x00000000c5e00000| Untracked 
|  19|0x00000000c5f00000, 0x00000000c5f00000, 0x00000000c6000000|  0%| F|  |TAMS 0x00000000c5f00000, 0x00000000c5f00000| Untracked 
|  20|0x00000000c6000000, 0x00000000c6000000, 0x00000000c6100000|  0%| F|  |TAMS 0x00000000c6000000, 0x00000000c6000000| Untracked 
|  21|0x00000000c6100000, 0x00000000c6100000, 0x00000000c6200000|  0%| F|  |TAMS 0x00000000c6100000, 0x00000000c6100000| Untracked 
|  22|0x00000000c6200000, 0x00000000c6200000, 0x00000000c6300000|  0%| F|  |TAMS 0x00000000c6200000, 0x00000000c6200000| Untracked 
|  23|0x00000000c6300000, 0x00000000c6300000, 0x00000000c6400000|  0%| F|  |TAMS 0x00000000c6300000, 0x00000000c6300000| Untracked 
|  24|0x00000000c6400000, 0x00000000c6400000, 0x00000000c6500000|  0%| F|  |TAMS 0x00000000c6400000, 0x00000000c6400000| Untracked 
|  25|0x00000000c6500000, 0x00000000c6500000, 0x00000000c6600000|  0%| F|  |TAMS 0x00000000c6500000, 0x00000000c6500000| Untracked 
|  26|0x00000000c6600000, 0x00000000c6600000, 0x00000000c6700000|  0%| F|  |TAMS 0x00000000c6600000, 0x00000000c6600000| Untracked 
|  27|0x00000000c6700000, 0x00000000c6700000, 0x00000000c6800000|  0%| F|  |TAMS 0x00000000c6700000, 0x00000000c6700000| Untracked 
|  28|0x00000000c6800000, 0x00000000c6800000, 0x00000000c6900000|  0%| F|  |TAMS 0x00000000c6800000, 0x00000000c6800000| Untracked 
|  29|0x00000000c6900000, 0x00000000c6900000, 0x00000000c6a00000|  0%| F|  |TAMS 0x00000000c6900000, 0x00000000c6900000| Untracked 
|  30|0x00000000c6a00000, 0x00000000c6a00000, 0x00000000c6b00000|  0%| F|  |TAMS 0x00000000c6a00000, 0x00000000c6a00000| Untracked 
|  31|0x00000000c6b00000, 0x00000000c6b00000, 0x00000000c6c00000|  0%| F|  |TAMS 0x00000000c6b00000, 0x00000000c6b00000| Untracked 
|  32|0x00000000c6c00000, 0x00000000c6c00000, 0x00000000c6d00000|  0%| F|  |TAMS 0x00000000c6c00000, 0x00000000c6c00000| Untracked 
|  33|0x00000000c6d00000, 0x00000000c6d00000, 0x00000000c6e00000|  0%| F|  |TAMS 0x00000000c6d00000, 0x00000000c6d00000| Untracked 
|  34|0x00000000c6e00000, 0x00000000c6e00000, 0x00000000c6f00000|  0%| F|  |TAMS 0x00000000c6e00000, 0x00000000c6e00000| Untracked 
|  35|0x00000000c6f00000, 0x00000000c6f4af70, 0x00000000c7000000| 29%| S|CS|TAMS 0x00000000c6f00000, 0x00000000c6f00000| Complete 
|  59|0x00000000c8700000, 0x00000000c8700000, 0x00000000c8800000|  0%| F|  |TAMS 0x00000000c8700000, 0x00000000c8700000| Untracked 

Card table byte_map: [0x000002da48740000,0x000002da48920000] _byte_map_base: 0x000002da4811a000

Marking Bits (Prev, Next): (CMBitMap*) 0x000002da362b3970, (CMBitMap*) 0x000002da362b39b0
 Prev Bits: [0x000002da48b00000, 0x000002da499d0000)
 Next Bits: [0x000002da499d0000, 0x000002da4a8a0000)

Polling page: 0x000002da34120000

Metaspace:

Usage:
  Non-class:     31.92 MB used.
      Class:      4.58 MB used.
       Both:     36.51 MB used.

Virtual space:
  Non-class space:       64.00 MB reserved,      32.00 MB ( 50%) committed,  1 nodes.
      Class space:        1.00 GB reserved,       4.69 MB ( <1%) committed,  1 nodes.
             Both:        1.06 GB reserved,      36.69 MB (  3%) committed. 

Chunk freelists:
   Non-Class:  15.27 MB
       Class:  11.27 MB
        Both:  26.53 MB

MaxMetaspaceSize: unlimited
CompressedClassSpaceSize: 1.00 GB
Initial GC threshold: 21.00 MB
Current GC threshold: 57.62 MB
CDS: off
MetaspaceReclaimPolicy: balanced
 - commit_granule_bytes: 65536.
 - commit_granule_words: 8192.
 - virtual_space_node_default_size: 8388608.
 - enlarge_chunks_in_place: 1.
 - new_chunks_are_fully_committed: 0.
 - uncommit_free_chunks: 1.
 - use_allocation_guard: 0.
 - handle_deallocations: 1.


Internal statistics:

num_allocs_failed_limit: 3.
num_arena_births: 146.
num_arena_deaths: 0.
num_vsnodes_births: 2.
num_vsnodes_deaths: 0.
num_space_committed: 586.
num_space_uncommitted: 0.
num_chunks_returned_to_freelist: 3.
num_chunks_taken_from_freelist: 1143.
num_chunk_merges: 3.
num_chunk_splits: 954.
num_chunks_enlarged: 861.
num_inconsistent_stats: 0.

CodeHeap 'non-profiled nmethods': size=120000Kb used=971Kb max_used=971Kb free=119028Kb
 bounds [0x000002da41210000, 0x000002da41480000, 0x000002da48740000]
CodeHeap 'profiled nmethods': size=120000Kb used=5002Kb max_used=5002Kb free=114997Kb
 bounds [0x000002da39740000, 0x000002da39c30000, 0x000002da40c70000]
CodeHeap 'non-nmethods': size=5760Kb used=1254Kb max_used=1275Kb free=4505Kb
 bounds [0x000002da40c70000, 0x000002da40ee0000, 0x000002da41210000]
 total_blobs=3054 nmethods=2505 adapters=461
 compilation: enabled
              stopped_count=0, restarted_count=0
 full_count=0

Compilation events (20 events):
Event: 14.321 Thread 0x000002da4cecdcb0 2507       3       java.lang.Class$Atomic::casAnnotationData (13 bytes)
Event: 14.321 Thread 0x000002da4cecdcb0 nmethod 2507 0x000002da39c1c110 code [0x000002da39c1c2a0, 0x000002da39c1c3f8]
Event: 14.334 Thread 0x000002da4cecdcb0 2508       3       sun.reflect.annotation.AnnotationInvocationHandler::<init> (71 bytes)
Event: 14.335 Thread 0x000002da4cecdcb0 nmethod 2508 0x000002da39c1c490 code [0x000002da39c1c720, 0x000002da39c1d198]
Event: 14.338 Thread 0x000002da4cecdcb0 2509       3       jdk.proxy2.$Proxy1::<init> (6 bytes)
Event: 14.339 Thread 0x000002da4cecdcb0 nmethod 2509 0x000002da39c1d590 code [0x000002da39c1d760, 0x000002da39c1dae8]
Event: 14.357 Thread 0x000002da4cecdcb0 2511       3       kotlin.collections.CollectionsKt___CollectionsKt::single (76 bytes)
Event: 14.358 Thread 0x000002da4cecdcb0 nmethod 2511 0x000002da39c1dc90 code [0x000002da39c1df40, 0x000002da39c1ec68]
Event: 14.361 Thread 0x000002da4cecdcb0 2512       3       java.util.HashSet::toArray (18 bytes)
Event: 14.361 Thread 0x000002da4cecdcb0 nmethod 2512 0x000002da39c1f010 code [0x000002da39c1f1c0, 0x000002da39c1f4c8]
Event: 14.361 Thread 0x000002da4cecdcb0 2513       3       org.jetbrains.kotlin.container.CacheKt::getInfo (14 bytes)
Event: 14.362 Thread 0x000002da4cecdcb0 nmethod 2513 0x000002da39c1f590 code [0x000002da39c1f7a0, 0x000002da39c1fd48]
Event: 14.362 Thread 0x000002da4cecdcb0 2514       3       org.jetbrains.kotlin.container.ClassTraversalCache::getClassInfo (43 bytes)
Event: 14.362 Thread 0x000002da4cecdcb0 nmethod 2514 0x000002da39c1ff90 code [0x000002da39c201e0, 0x000002da39c20ae8]
Event: 14.362 Thread 0x000002da4cecdcb0 2515   !   3       org.jetbrains.kotlin.com.intellij.util.containers.ConcurrentWeakKeySoftValueHashMap::get (61 bytes)
Event: 14.363 Thread 0x000002da4cecdcb0 nmethod 2515 0x000002da39c20e10 code [0x000002da39c21020, 0x000002da39c216f8]
Event: 14.371 Thread 0x000002da4cecdcb0 2516   !   3       jdk.internal.reflect.GeneratedConstructorAccessor1::newInstance (53 bytes)
Event: 14.372 Thread 0x000002da4cecdcb0 nmethod 2516 0x000002da39c21a10 code [0x000002da39c21c40, 0x000002da39c224a8]
Event: 14.420 Thread 0x000002da4cecdcb0 2517       1       java.lang.reflect.Constructor::getSignature (5 bytes)
Event: 14.420 Thread 0x000002da4cecdcb0 nmethod 2517 0x000002da41302c90 code [0x000002da41302e20, 0x000002da41302ef8]

GC Heap History (17 events):
Event: 2.590 GC heap before
{Heap before GC invocations=0 (full 0):
 garbage-first heap   total 61440K, used 17408K [0x00000000c4c00000, 0x0000000100000000)
  region size 1024K, 13 young (13312K), 0 survivors (0K)
 Metaspace       used 10555K, committed 10752K, reserved 1114112K
  class space    used 913K, committed 1024K, reserved 1048576K
}
Event: 2.637 GC heap after
{Heap after GC invocations=1 (full 0):
 garbage-first heap   total 61440K, used 6208K [0x00000000c4c00000, 0x0000000100000000)
  region size 1024K, 2 young (2048K), 2 survivors (2048K)
 Metaspace       used 10555K, committed 10752K, reserved 1114112K
  class space    used 913K, committed 1024K, reserved 1048576K
}
Event: 4.746 GC heap before
{Heap before GC invocations=1 (full 0):
 garbage-first heap   total 61440K, used 23616K [0x00000000c4c00000, 0x0000000100000000)
  region size 1024K, 19 young (19456K), 2 survivors (2048K)
 Metaspace       used 14739K, committed 14912K, reserved 1114112K
  class space    used 1463K, committed 1536K, reserved 1048576K
}
Event: 4.766 GC heap after
{Heap after GC invocations=2 (full 0):
 garbage-first heap   total 61440K, used 7863K [0x00000000c4c00000, 0x0000000100000000)
  region size 1024K, 2 young (2048K), 2 survivors (2048K)
 Metaspace       used 14739K, committed 14912K, reserved 1114112K
  class space    used 1463K, committed 1536K, reserved 1048576K
}
Event: 10.319 GC heap before
{Heap before GC invocations=2 (full 0):
 garbage-first heap   total 61440K, used 31415K [0x00000000c4c00000, 0x0000000100000000)
  region size 1024K, 26 young (26624K), 2 survivors (2048K)
 Metaspace       used 21336K, committed 21504K, reserved 1114112K
  class space    used 2311K, committed 2432K, reserved 1048576K
}
Event: 10.467 GC heap after
{Heap after GC invocations=3 (full 0):
 garbage-first heap   total 61440K, used 10165K [0x00000000c4c00000, 0x0000000100000000)
  region size 1024K, 4 young (4096K), 4 survivors (4096K)
 Metaspace       used 21336K, committed 21504K, reserved 1114112K
  class space    used 2311K, committed 2432K, reserved 1048576K
}
Event: 11.936 GC heap before
{Heap before GC invocations=4 (full 0):
 garbage-first heap   total 37888K, used 29621K [0x00000000c4c00000, 0x0000000100000000)
  region size 1024K, 24 young (24576K), 4 survivors (4096K)
 Metaspace       used 28186K, committed 28352K, reserved 1114112K
  class space    used 3459K, committed 3520K, reserved 1048576K
}
Event: 11.946 GC heap after
{Heap after GC invocations=5 (full 0):
 garbage-first heap   total 37888K, used 11111K [0x00000000c4c00000, 0x0000000100000000)
  region size 1024K, 4 young (4096K), 4 survivors (4096K)
 Metaspace       used 28186K, committed 28352K, reserved 1114112K
  class space    used 3459K, committed 3520K, reserved 1048576K
}
Event: 12.894 GC heap before
{Heap before GC invocations=5 (full 0):
 garbage-first heap   total 37888K, used 27495K [0x00000000c4c00000, 0x0000000100000000)
  region size 1024K, 20 young (20480K), 4 survivors (4096K)
 Metaspace       used 29929K, committed 30080K, reserved 1114112K
  class space    used 3793K, committed 3840K, reserved 1048576K
}
Event: 12.912 GC heap after
{Heap after GC invocations=6 (full 0):
 garbage-first heap   total 37888K, used 17063K [0x00000000c4c00000, 0x0000000100000000)
  region size 1024K, 3 young (3072K), 3 survivors (3072K)
 Metaspace       used 29929K, committed 30080K, reserved 1114112K
  class space    used 3793K, committed 3840K, reserved 1048576K
}
Event: 13.403 GC heap before
{Heap before GC invocations=6 (full 0):
 garbage-first heap   total 37888K, used 26279K [0x00000000c4c00000, 0x0000000100000000)
  region size 1024K, 13 young (13312K), 3 survivors (3072K)
 Metaspace       used 33191K, committed 33472K, reserved 1114112K
  class space    used 4228K, committed 4352K, reserved 1048576K
}
Event: 13.410 GC heap after
{Heap after GC invocations=7 (full 0):
 garbage-first heap   total 37888K, used 18205K [0x00000000c4c00000, 0x0000000100000000)
  region size 1024K, 1 young (1024K), 1 survivors (1024K)
 Metaspace       used 33191K, committed 33472K, reserved 1114112K
  class space    used 4228K, committed 4352K, reserved 1048576K
}
Event: 13.906 GC heap before
{Heap before GC invocations=7 (full 0):
 garbage-first heap   total 37888K, used 28445K [0x00000000c4c00000, 0x0000000100000000)
  region size 1024K, 11 young (11264K), 1 survivors (1024K)
 Metaspace       used 35090K, committed 35264K, reserved 1114112K
  class space    used 4447K, committed 4544K, reserved 1048576K
}
Event: 13.910 GC heap after
{Heap after GC invocations=8 (full 0):
 garbage-first heap   total 37888K, used 17333K [0x00000000c4c00000, 0x0000000100000000)
  region size 1024K, 2 young (2048K), 2 survivors (2048K)
 Metaspace       used 35090K, committed 35264K, reserved 1114112K
  class space    used 4447K, committed 4544K, reserved 1048576K
}
Event: 14.393 GC heap before
{Heap before GC invocations=9 (full 0):
 garbage-first heap   total 37888K, used 27573K [0x00000000c4c00000, 0x0000000100000000)
  region size 1024K, 13 young (13312K), 2 survivors (2048K)
 Metaspace       used 37146K, committed 37376K, reserved 1114112K
  class space    used 4668K, committed 4800K, reserved 1048576K
}
Event: 14.399 GC heap after
{Heap after GC invocations=10 (full 0):
 garbage-first heap   total 37888K, used 18818K [0x00000000c4c00000, 0x0000000100000000)
  region size 1024K, 2 young (2048K), 2 survivors (2048K)
 Metaspace       used 37146K, committed 37376K, reserved 1114112K
  class space    used 4668K, committed 4800K, reserved 1048576K
}
Event: 14.427 GC heap before
{Heap before GC invocations=10 (full 0):
 garbage-first heap   total 37888K, used 18818K [0x00000000c4c00000, 0x0000000100000000)
  region size 1024K, 3 young (3072K), 2 survivors (2048K)
 Metaspace       used 37381K, committed 37568K, reserved 1114112K
  class space    used 4690K, committed 4800K, reserved 1048576K
}

Dll operation events (2 events):
Event: 0.119 Loaded shared library C:\Program Files\Android\Android Studio\jbr\bin\java.dll
Event: 11.450 Loaded shared library C:\Program Files\Android\Android Studio\jbr\bin\verify.dll

Deoptimization events (20 events):
Event: 13.645 Thread 0x000002da3627a6f0 Uncommon trap: trap_request=0xffffffde fr.pc=0x000002da412c5cf4 relative=0x00000000000000d4
Event: 13.645 Thread 0x000002da3627a6f0 Uncommon trap: reason=class_check action=maybe_recompile pc=0x000002da412c5cf4 method=java.util.AbstractList$Itr.next()Ljava/lang/Object; @ 14 c2
Event: 13.645 Thread 0x000002da3627a6f0 DEOPT PACKING pc=0x000002da412c5cf4 sp=0x000000fd90efdfb0
Event: 13.645 Thread 0x000002da3627a6f0 DEOPT UNPACKING pc=0x000002da40cca1a3 sp=0x000000fd90efdf48 mode 2
Event: 13.944 Thread 0x000002da3627a6f0 Uncommon trap: trap_request=0xffffffc6 fr.pc=0x000002da4126d3fc relative=0x0000000000000a5c
Event: 13.944 Thread 0x000002da3627a6f0 Uncommon trap: reason=bimorphic_or_optimized_type_check action=maybe_recompile pc=0x000002da4126d3fc method=java.util.HashMap.putVal(ILjava/lang/Object;Ljava/lang/Object;ZZ)Ljava/lang/Object; @ 91 c2
Event: 13.944 Thread 0x000002da3627a6f0 DEOPT PACKING pc=0x000002da4126d3fc sp=0x000000fd90efaec0
Event: 13.944 Thread 0x000002da3627a6f0 DEOPT UNPACKING pc=0x000002da40cca1a3 sp=0x000000fd90efae50 mode 2
Event: 13.944 Thread 0x000002da3627a6f0 Uncommon trap: trap_request=0xffffffc6 fr.pc=0x000002da4126d3fc relative=0x0000000000000a5c
Event: 13.944 Thread 0x000002da3627a6f0 Uncommon trap: reason=bimorphic_or_optimized_type_check action=maybe_recompile pc=0x000002da4126d3fc method=java.util.HashMap.putVal(ILjava/lang/Object;Ljava/lang/Object;ZZ)Ljava/lang/Object; @ 91 c2
Event: 13.944 Thread 0x000002da3627a6f0 DEOPT PACKING pc=0x000002da4126d3fc sp=0x000000fd90efaec0
Event: 13.944 Thread 0x000002da3627a6f0 DEOPT UNPACKING pc=0x000002da40cca1a3 sp=0x000000fd90efae50 mode 2
Event: 13.944 Thread 0x000002da3627a6f0 Uncommon trap: trap_request=0xffffffc6 fr.pc=0x000002da4126d3fc relative=0x0000000000000a5c
Event: 13.944 Thread 0x000002da3627a6f0 Uncommon trap: reason=bimorphic_or_optimized_type_check action=maybe_recompile pc=0x000002da4126d3fc method=java.util.HashMap.putVal(ILjava/lang/Object;Ljava/lang/Object;ZZ)Ljava/lang/Object; @ 91 c2
Event: 13.944 Thread 0x000002da3627a6f0 DEOPT PACKING pc=0x000002da4126d3fc sp=0x000000fd90efaec0
Event: 13.944 Thread 0x000002da3627a6f0 DEOPT UNPACKING pc=0x000002da40cca1a3 sp=0x000000fd90efae50 mode 2
Event: 13.944 Thread 0x000002da3627a6f0 Uncommon trap: trap_request=0xffffffc6 fr.pc=0x000002da4126d3fc relative=0x0000000000000a5c
Event: 13.944 Thread 0x000002da3627a6f0 Uncommon trap: reason=bimorphic_or_optimized_type_check action=maybe_recompile pc=0x000002da4126d3fc method=java.util.HashMap.putVal(ILjava/lang/Object;Ljava/lang/Object;ZZ)Ljava/lang/Object; @ 91 c2
Event: 13.944 Thread 0x000002da3627a6f0 DEOPT PACKING pc=0x000002da4126d3fc sp=0x000000fd90efaec0
Event: 13.944 Thread 0x000002da3627a6f0 DEOPT UNPACKING pc=0x000002da40cca1a3 sp=0x000000fd90efae50 mode 2

Classes unloaded (0 events):
No events

Classes redefined (0 events):
No events

Internal exceptions (20 events):
Event: 10.754 Thread 0x000002da3627a6f0 Exception <a 'java/lang/NoSuchMethodError'{0x00000000c6e8eb90}: 'int java.lang.invoke.DirectMethodHandle$Holder.invokeSpecial(java.lang.Object, java.lang.Object, java.lang.Object)'> (0x00000000c6e8eb90) 
thrown [s\src\hotspot\share\interpreter\linkResolver.cpp, line 771]
Event: 10.755 Thread 0x000002da3627a6f0 Exception <a 'java/lang/NoSuchMethodError'{0x00000000c6e92880}: 'int java.lang.invoke.DirectMethodHandle$Holder.invokeSpecial(java.lang.Object, java.lang.Object, java.lang.Object, java.lang.Object)'> (0x00000000c6e92880) 
thrown [s\src\hotspot\share\interpreter\linkResolver.cpp, line 771]
Event: 10.755 Thread 0x000002da3627a6f0 Exception <a 'java/lang/NoSuchMethodError'{0x00000000c6e95ee8}: 'int java.lang.invoke.Invokers$Holder.invoke_MT(java.lang.Object, java.lang.Object, java.lang.Object, java.lang.Object)'> (0x00000000c6e95ee8) 
thrown [s\src\hotspot\share\interpreter\linkResolver.cpp, line 771]
Event: 10.758 Thread 0x000002da3627a6f0 Exception <a 'java/lang/NoSuchMethodError'{0x00000000c6ea5470}: 'void java.lang.invoke.DelegatingMethodHandle$Holder.reinvoke_L(java.lang.Object, java.lang.Object, java.lang.Object, long, java.lang.Object)'> (0x00000000c6ea5470) 
thrown [s\src\hotspot\share\interpreter\linkResolver.cpp, line 771]
Event: 10.759 Thread 0x000002da3627a6f0 Exception <a 'java/lang/NoSuchMethodError'{0x00000000c6ead0a8}: 'java.lang.Object java.lang.invoke.DirectMethodHandle$Holder.invokeSpecial(java.lang.Object, java.lang.Object, java.lang.Object, java.lang.Object, long)'> (0x00000000c6ead0a8) 
thrown [s\src\hotspot\share\interpreter\linkResolver.cpp, line 771]
Event: 10.766 Thread 0x000002da3627a6f0 Exception <a 'java/lang/NoSuchMethodError'{0x00000000c6ebc468}: 'int java.lang.invoke.DelegatingMethodHandle$Holder.reinvoke_L(java.lang.Object, java.lang.Object, java.lang.Object, long, java.lang.Object, java.lang.Object)'> (0x00000000c6ebc468) 
thrown [s\src\hotspot\share\interpreter\linkResolver.cpp, line 771]
Event: 10.782 Thread 0x000002da3627a6f0 Exception <a 'java/lang/NoSuchMethodError'{0x00000000c6ecb120}: 'int java.lang.invoke.DelegatingMethodHandle$Holder.reinvoke_L(java.lang.Object, java.lang.Object, java.lang.Object, long, int, int)'> (0x00000000c6ecb120) 
thrown [s\src\hotspot\share\interpreter\linkResolver.cpp, line 771]
Event: 10.794 Thread 0x000002da3627a6f0 Exception <a 'java/lang/NoSuchMethodError'{0x00000000c6ed9af8}: 'int java.lang.invoke.DelegatingMethodHandle$Holder.reinvoke_L(java.lang.Object, java.lang.Object, java.lang.Object, long, long, long)'> (0x00000000c6ed9af8) 
thrown [s\src\hotspot\share\interpreter\linkResolver.cpp, line 771]
Event: 10.797 Thread 0x000002da3627a6f0 Exception <a 'java/lang/NoSuchMethodError'{0x00000000c6ee8110}: 'int java.lang.invoke.DelegatingMethodHandle$Holder.reinvoke_L(java.lang.Object, java.lang.Object, java.lang.Object, long, int)'> (0x00000000c6ee8110) 
thrown [s\src\hotspot\share\interpreter\linkResolver.cpp, line 771]
Event: 10.902 Thread 0x000002da3627a6f0 Exception <a 'java/lang/NoSuchMethodError'{0x00000000c6991f60}: 'int java.lang.invoke.DirectMethodHandle$Holder.invokeStaticInit(java.lang.Object, java.lang.Object, java.lang.Object)'> (0x00000000c6991f60) 
thrown [s\src\hotspot\share\interpreter\linkResolver.cpp, line 771]
Event: 10.911 Thread 0x000002da3627a6f0 Exception <a 'java/lang/NoSuchMethodError'{0x00000000c69bb5b8}: 'int java.lang.invoke.DirectMethodHandle$Holder.invokeStaticInit(java.lang.Object, java.lang.Object)'> (0x00000000c69bb5b8) 
thrown [s\src\hotspot\share\interpreter\linkResolver.cpp, line 771]
Event: 10.948 Thread 0x000002da3627a6f0 Exception <a 'java/lang/NoSuchMethodError'{0x00000000c6899cc8}: 'void java.lang.invoke.DirectMethodHandle$Holder.invokeSpecial(java.lang.Object, java.lang.Object, java.lang.Object)'> (0x00000000c6899cc8) 
thrown [s\src\hotspot\share\interpreter\linkResolver.cpp, line 771]
Event: 11.179 Thread 0x000002da3627a6f0 Exception <a 'java/lang/NoSuchMethodError'{0x00000000c65bf030}: 'void java.lang.invoke.DirectMethodHandle$Holder.invokeStatic(java.lang.Object, java.lang.Object, java.lang.Object, java.lang.Object)'> (0x00000000c65bf030) 
thrown [s\src\hotspot\share\interpreter\linkResolver.cpp, line 771]
Event: 11.327 Thread 0x000002da3627a6f0 Exception <a 'java/lang/NoSuchMethodError'{0x00000000c617f1f0}: 'void java.lang.invoke.DirectMethodHandle$Holder.invokeStaticInit(java.lang.Object, java.lang.Object)'> (0x00000000c617f1f0) 
thrown [s\src\hotspot\share\interpreter\linkResolver.cpp, line 771]
Event: 11.655 Thread 0x000002da3627a6f0 Exception <a 'java/lang/NoSuchMethodError'{0x00000000c5df6308}: 'void java.lang.invoke.DirectMethodHandle$Holder.invokeVirtual(java.lang.Object, java.lang.Object)'> (0x00000000c5df6308) 
thrown [s\src\hotspot\share\interpreter\linkResolver.cpp, line 771]
Event: 11.681 Thread 0x000002da3627a6f0 Exception <a 'java/lang/NoSuchMethodError'{0x00000000c5c702f8}: 'int java.lang.invoke.DirectMethodHandle$Holder.invokeVirtual(java.lang.Object, java.lang.Object)'> (0x00000000c5c702f8) 
thrown [s\src\hotspot\share\interpreter\linkResolver.cpp, line 771]
Event: 11.735 Thread 0x000002da3627a6f0 Exception <a 'java/lang/NoSuchMethodError'{0x00000000c5b09ac8}: 'java.lang.Object java.lang.invoke.Invokers$Holder.invokeExact_MT(java.lang.Object, java.lang.Object, java.lang.Object, java.lang.Object, java.lang.Object, java.lang.Object)'> (0x00000000c5b09ac8) 
thrown [s\src\hotspot\share\interpreter\linkResolver.cpp, line 771]
Event: 13.171 Thread 0x000002da3627a6f0 Implicit null exception at 0x000002da41227ff2 to 0x000002da4122862c
Event: 13.427 Thread 0x000002da3627a6f0 Implicit null exception at 0x000002da41228c72 to 0x000002da412292c4
Event: 13.606 Thread 0x000002da3627a6f0 Exception <a 'java/lang/NoSuchMethodError'{0x00000000c6d8e340}: 'java.lang.Object java.lang.invoke.DirectMethodHandle$Holder.invokeVirtual(java.lang.Object, java.lang.Object, java.lang.Object)'> (0x00000000c6d8e340) 
thrown [s\src\hotspot\share\interpreter\linkResolver.cpp, line 771]

VM Operations (20 events):
Event: 11.946 Executing VM operation: G1CollectForAllocation done
Event: 11.973 Executing VM operation: HandshakeAllThreads
Event: 11.973 Executing VM operation: HandshakeAllThreads done
Event: 12.745 Executing VM operation: HandshakeAllThreads
Event: 12.746 Executing VM operation: HandshakeAllThreads done
Event: 12.750 Executing VM operation: HandshakeAllThreads
Event: 12.750 Executing VM operation: HandshakeAllThreads done
Event: 12.894 Executing VM operation: G1CollectForAllocation
Event: 12.912 Executing VM operation: G1CollectForAllocation done
Event: 13.403 Executing VM operation: G1CollectForAllocation
Event: 13.410 Executing VM operation: G1CollectForAllocation done
Event: 13.906 Executing VM operation: G1CollectForAllocation
Event: 13.910 Executing VM operation: G1CollectForAllocation done
Event: 13.930 Executing VM operation: G1PauseRemark
Event: 13.933 Executing VM operation: G1PauseRemark done
Event: 13.941 Executing VM operation: G1PauseCleanup
Event: 13.942 Executing VM operation: G1PauseCleanup done
Event: 14.393 Executing VM operation: G1CollectForAllocation
Event: 14.399 Executing VM operation: G1CollectForAllocation done
Event: 14.427 Executing VM operation: G1CollectForAllocation

Events (20 events):
Event: 14.072 loading class sun/reflect/generics/reflectiveObjects/ParameterizedTypeImpl
Event: 14.073 loading class sun/reflect/generics/reflectiveObjects/ParameterizedTypeImpl done
Event: 14.200 loading class sun/reflect/generics/scope/ConstructorScope
Event: 14.201 loading class sun/reflect/generics/scope/ConstructorScope done
Event: 14.201 loading class sun/reflect/generics/repository/ConstructorRepository
Event: 14.202 loading class sun/reflect/generics/repository/ConstructorRepository done
Event: 14.202 loading class sun/reflect/generics/tree/BottomSignature
Event: 14.203 loading class sun/reflect/generics/tree/BottomSignature done
Event: 14.203 loading class sun/reflect/generics/tree/Wildcard
Event: 14.203 loading class sun/reflect/generics/tree/Wildcard done
Event: 14.203 loading class sun/reflect/generics/tree/VoidDescriptor
Event: 14.203 loading class sun/reflect/generics/tree/VoidDescriptor done
Event: 14.203 loading class sun/reflect/generics/tree/MethodTypeSignature
Event: 14.203 loading class sun/reflect/generics/tree/MethodTypeSignature done
Event: 14.203 loading class sun/reflect/generics/reflectiveObjects/WildcardTypeImpl
Event: 14.203 loading class java/lang/reflect/WildcardType
Event: 14.204 loading class java/lang/reflect/WildcardType done
Event: 14.204 loading class sun/reflect/generics/reflectiveObjects/WildcardTypeImpl done
Event: 14.334 loading class java/lang/TypeNotPresentException
Event: 14.334 loading class java/lang/TypeNotPresentException done


Dynamic libraries:
0x00007ff6fafe0000 - 0x00007ff6fafea000 	C:\Program Files\Android\Android Studio\jbr\bin\java.exe
0x00007ffaded50000 - 0x00007ffadef66000 	C:\Windows\SYSTEM32\ntdll.dll
0x00007ffadd3e0000 - 0x00007ffadd4a4000 	C:\Windows\System32\KERNEL32.DLL
0x00007ffadc0f0000 - 0x00007ffadc497000 	C:\Windows\System32\KERNELBASE.dll
0x00007ffad8dd0000 - 0x00007ffad8e67000 	C:\Windows\SYSTEM32\apphelp.dll
0x00007ffadc4a0000 - 0x00007ffadc5b1000 	C:\Windows\System32\ucrtbase.dll
0x00007ffaa2820000 - 0x00007ffaa283b000 	C:\Program Files\Android\Android Studio\jbr\bin\VCRUNTIME140.dll
0x00007ffab2960000 - 0x00007ffab2977000 	C:\Program Files\Android\Android Studio\jbr\bin\jli.dll
0x00007ffadd230000 - 0x00007ffadd3de000 	C:\Windows\System32\USER32.dll
0x00007ffadc6d0000 - 0x00007ffadc6f6000 	C:\Windows\System32\win32u.dll
0x00007ffade840000 - 0x00007ffade869000 	C:\Windows\System32\GDI32.dll
0x00007ffadc700000 - 0x00007ffadc819000 	C:\Windows\System32\gdi32full.dll
0x00007ffadc5c0000 - 0x00007ffadc65a000 	C:\Windows\System32\msvcp_win.dll
0x00007ffabf310000 - 0x00007ffabf5a3000 	C:\Windows\WinSxS\amd64_microsoft.windows.common-controls_6595b64144ccf1df_6.0.22621.3235_none_270f74e173860f98\COMCTL32.dll
0x00007ffadec60000 - 0x00007ffaded07000 	C:\Windows\System32\msvcrt.dll
0x00007ffade3d0000 - 0x00007ffade401000 	C:\Windows\System32\IMM32.DLL
0x00007ffac4ac0000 - 0x00007ffac4acc000 	C:\Program Files\Android\Android Studio\jbr\bin\vcruntime140_1.dll
0x00007ffa91980000 - 0x00007ffa91a0d000 	C:\Program Files\Android\Android Studio\jbr\bin\msvcp140.dll
0x00007ffa648a0000 - 0x00007ffa65523000 	C:\Program Files\Android\Android Studio\jbr\bin\server\jvm.dll
0x00007ffadcb10000 - 0x00007ffadcbc2000 	C:\Windows\System32\ADVAPI32.dll
0x00007ffadd4b0000 - 0x00007ffadd558000 	C:\Windows\System32\sechost.dll
0x00007ffadc820000 - 0x00007ffadc848000 	C:\Windows\System32\bcrypt.dll
0x00007ffadcf30000 - 0x00007ffadd045000 	C:\Windows\System32\RPCRT4.dll
0x00007ffadb8f0000 - 0x00007ffadb93d000 	C:\Windows\SYSTEM32\POWRPROF.dll
0x00007ffacf0e0000 - 0x00007ffacf114000 	C:\Windows\SYSTEM32\WINMM.dll
0x00007ffad8bf0000 - 0x00007ffad8bf9000 	C:\Windows\SYSTEM32\WSOCK32.dll
0x00007ffacdc30000 - 0x00007ffacdc3a000 	C:\Windows\SYSTEM32\VERSION.dll
0x00007ffadca90000 - 0x00007ffadcb01000 	C:\Windows\System32\WS2_32.dll
0x00007ffadb8d0000 - 0x00007ffadb8e3000 	C:\Windows\SYSTEM32\UMPDC.dll
0x00007ffadb080000 - 0x00007ffadb098000 	C:\Windows\SYSTEM32\kernel.appcore.dll
0x00007ffacecf0000 - 0x00007ffacecfa000 	C:\Program Files\Android\Android Studio\jbr\bin\jimage.dll
0x00007ffad9ad0000 - 0x00007ffad9d03000 	C:\Windows\SYSTEM32\DBGHELP.DLL
0x00007ffade870000 - 0x00007ffadebf8000 	C:\Windows\System32\combase.dll
0x00007ffadcbd0000 - 0x00007ffadcca7000 	C:\Windows\System32\OLEAUT32.dll
0x00007ffaccd30000 - 0x00007ffaccd62000 	C:\Windows\SYSTEM32\dbgcore.DLL
0x00007ffadc070000 - 0x00007ffadc0e9000 	C:\Windows\System32\bcryptPrimitives.dll
0x00007ffac46d0000 - 0x00007ffac46f5000 	C:\Program Files\Android\Android Studio\jbr\bin\java.dll
0x00007ffabbd70000 - 0x00007ffabbd88000 	C:\Program Files\Android\Android Studio\jbr\bin\zip.dll
0x00007ffadd670000 - 0x00007ffaddecc000 	C:\Windows\System32\SHELL32.dll
0x00007ffad9f80000 - 0x00007ffada879000 	C:\Windows\SYSTEM32\windows.storage.dll
0x00007ffad9e40000 - 0x00007ffad9f7e000 	C:\Windows\SYSTEM32\wintypes.dll
0x00007ffadcd20000 - 0x00007ffadce13000 	C:\Windows\System32\SHCORE.dll
0x00007ffadec00000 - 0x00007ffadec5e000 	C:\Windows\System32\shlwapi.dll
0x00007ffadbfa0000 - 0x00007ffadbfc1000 	C:\Windows\SYSTEM32\profapi.dll
0x00007ffab7b80000 - 0x00007ffab7b99000 	C:\Program Files\Android\Android Studio\jbr\bin\net.dll
0x00007ffad4200000 - 0x00007ffad4336000 	C:\Windows\SYSTEM32\WINHTTP.dll
0x00007ffadb590000 - 0x00007ffadb5f9000 	C:\Windows\system32\mswsock.dll
0x00007ffab2c90000 - 0x00007ffab2ca6000 	C:\Program Files\Android\Android Studio\jbr\bin\nio.dll
0x00007ffacabb0000 - 0x00007ffacabc0000 	C:\Program Files\Android\Android Studio\jbr\bin\verify.dll

dbghelp: loaded successfully - version: 4.0.5 - missing functions: none
symbol engine: initialized successfully - sym options: 0x614 - pdb path: .;C:\Program Files\Android\Android Studio\jbr\bin;C:\Windows\SYSTEM32;C:\Windows\WinSxS\amd64_microsoft.windows.common-controls_6595b64144ccf1df_6.0.22621.3235_none_270f74e173860f98;C:\Program Files\Android\Android Studio\jbr\bin\server

VM Arguments:
java_command: org.jetbrains.kotlin.cli.jvm.K2JVMCompiler @C:\Users\angel\AndroidStudioProjects\MeuPrimeiroProjeto\app\build\20240416_12370936372759662393.compiler.options
java_class_path (initial): C:\Users\angel\.gradle\caches\modules-2\files-2.1\org.jetbrains.kotlin\kotlin-compiler-embeddable\1.9.0\2c8c3a7402becca891f12739b3e9fd2dc2adbd7a\kotlin-compiler-embeddable-1.9.0.jar;C:\Users\angel\.gradle\caches\modules-2\files-2.1\org.jetbrains.kotlin\kotlin-stdlib\1.9.0\8ee15ef0c67dc83d874f412d84378d7f0eb50b63\kotlin-stdlib-1.9.0.jar;C:\Users\angel\.gradle\caches\modules-2\files-2.1\org.jetbrains.kotlin\kotlin-script-runtime\1.9.0\4b3102cbbb7e1b58d9d1adf89563f00069ffa7d1\kotlin-script-runtime-1.9.0.jar;C:\Users\angel\.gradle\caches\modules-2\files-2.1\org.jetbrains.kotlin\kotlin-reflect\1.6.10\1cbe9c92c12a94eea200d23c2bbaedaf3daf5132\kotlin-reflect-1.6.10.jar;C:\Users\angel\.gradle\caches\modules-2\files-2.1\org.jetbrains.kotlin\kotlin-daemon-embeddable\1.9.0\186543f5e28cf8d9a0290fecc2cf34301c40a65c\kotlin-daemon-embeddable-1.9.0.jar;C:\Users\angel\.gradle\caches\modules-2\files-2.1\org.jetbrains.intellij.deps\trove4j\1.0.20200330\3afb14d5f9ceb459d724e907a21145e8ff394f02\trove4j-1.0.20200330.jar;C:\Users\angel\.gradle\caches\modules-2\files-2.1\org.jetbrains.kotlin\kotlin-stdlib-common\1.9.0\cd65c21cfd1eec4d44ef09f9f52b6d9f8a720636\kotlin-stdlib-common-1.9.0.jar;C:\Users\angel\.gradle\caches\modules-2\files-2.1\org.jetbrains\annotations\13.0\919f0dfe192fb4e063e7dacadee7f8bb9a2672a9\annotations-13.0.jar
Launcher Type: SUN_STANDARD

[Global flags]
     intx CICompilerCount                          = 3                                         {product} {ergonomic}
     uint ConcGCThreads                            = 1                                         {product} {ergonomic}
     uint G1ConcRefinementThreads                  = 4                                         {product} {ergonomic}
   size_t G1HeapRegionSize                         = 1048576                                   {product} {ergonomic}
    uintx GCDrainStackTargetSize                   = 64                                        {product} {ergonomic}
   size_t InitialHeapSize                          = 62914560                                  {product} {ergonomic}
   size_t MarkStackSize                            = 4194304                                   {product} {ergonomic}
   size_t MaxHeapSize                              = 994050048                                 {product} {ergonomic}
   size_t MaxNewSize                               = 595591168                                 {product} {ergonomic}
   size_t MinHeapDeltaBytes                        = 1048576                                   {product} {ergonomic}
   size_t MinHeapSize                              = 8388608                                   {product} {ergonomic}
    uintx NonNMethodCodeHeapSize                   = 5832780                                {pd product} {ergonomic}
    uintx NonProfiledCodeHeapSize                  = 122912730                              {pd product} {ergonomic}
    uintx ProfiledCodeHeapSize                     = 122912730                              {pd product} {ergonomic}
    uintx ReservedCodeCacheSize                    = 251658240                              {pd product} {ergonomic}
     bool SegmentedCodeCache                       = true                                      {product} {ergonomic}
   size_t SoftMaxHeapSize                          = 994050048                              {manageable} {ergonomic}
     bool UseCompressedClassPointers               = true                           {product lp64_product} {ergonomic}
     bool UseCompressedOops                        = true                           {product lp64_product} {ergonomic}
     bool UseG1GC                                  = true                                      {product} {ergonomic}
     bool UseLargePagesIndividualAllocation        = false                                  {pd product} {ergonomic}

Logging:
Log output configuration:
 #0: stdout all=warning uptime,level,tags
 #1: stderr all=off uptime,level,tags

Environment Variables:
PATH=C:\Windows\system32;C:\Windows;C:\Windows\System32\Wbem;C:\Windows\System32\WindowsPowerShell\v1.0\;C:\Windows\System32\OpenSSH\;C:\Users\angel\AppData\Local\Microsoft\WindowsApps;
USERNAME=angel
OS=Windows_NT
PROCESSOR_IDENTIFIER=Intel64 Family 6 Model 140 Stepping 1, GenuineIntel
TMP=C:\Users\angel\AppData\Local\Temp
TEMP=C:\Users\angel\AppData\Local\Temp



Periodic native trim disabled

JNI global refs:
JNI global refs: 7, weak refs: 0

JNI global refs memory usage: 843, weak refs: 841

OOME stack traces (most recent first):
Classloader memory used:
Loader jdk.internal.loader.ClassLoaders$AppClassLoader                                 : 3428K
Loader bootstrap                                                                       : 1239K
Loader jdk.internal.reflect.DelegatingClassLoader                                      : 5635B


---------------  S Y S T E M  ---------------

OS:
 Windows 11 , 64 bit Build 22621 (10.0.22621.3374)
OS uptime: 1 days 19:08 hours
Hyper-V role detected

CPU: total 4 (initial active 4) (2 cores per cpu, 2 threads per core) family 6 model 140 stepping 1 microcode 0xa4, cx8, cmov, fxsr, ht, mmx, 3dnowpref, sse, sse2, sse3, ssse3, sse4.1, sse4.2, popcnt, lzcnt, tsc, tscinvbit, avx, avx2, aes, erms, clmul, bmi1, bmi2, adx, avx512f, avx512dq, avx512cd, avx512bw, avx512vl, sha, fma, vzeroupper, avx512_vpopcntdq, avx512_vpclmulqdq, avx512_vaes, avx512_vnni, clflush, clflushopt, clwb, avx512_vbmi2, avx512_vbmi, hv
Processor Information for all 4 processors :
  Max Mhz: 2995, Current Mhz: 2995, Mhz Limit: 2995

Memory: 4k page, system-wide physical 3790M (121M free)
TotalPageFile size 15566M (AvailPageFile size 7M)
current process WorkingSet (physical memory assigned to process): 128M, peak: 129M
current process commit charge ("private bytes"): 177M, peak: 182M

vm_info: OpenJDK 64-Bit Server VM (17.0.9+0--11185874) for windows-amd64 JRE (17.0.9+0--11185874), built on Dec  6 2023 18:57:44 by "androidbuild" with MS VC++ 16.10 / 16.11 (VS2019)

END.
